<?xml version="1.0" encoding="UTF-8" ?>
<testsuite tests="4" failures="0" name="com.example.ListingTest" time="0.01" errors="0" skipped="0">
  <properties>
[...]
</properties>
  <testcase classname="com.example.ListingTest" name="com.example.ListingTest.testTrimString" time="0"/>
  <testcase classname="com.example.ListingTest" name="com.example.ListingTest.testImmutableList" time="0"/>
  <testcase classname="com.example.ListingTest" name="com.example.ListingTest.testUppercaseList" time="0"/>
  <testcase classname="com.example.ListingTest" name="com.example.ListingTest.testLoadMain" time="0.01"/>
</testsuite>